#
#
#
#
#
#    Don't try viewing this report without a plog-converter utility!!!
#
#    plog-converter -a GA:1,2 -t tasklist -o report.tasks /path/to/this/file.log
#
#    A link to the documentation: https://pvs-studio.com/en/docs/manual/0036/
#
#
#
#
#
d99cf3ba-6fcd-43f9-9260-1179fa3a9bed
dR'8_uR%Rr[G[RER'haa@->uR%Rcccccccccccccccccccccccc- ; ka->o ;=82vuK -2uEc)RY=))>)REcU>=]ua^yS^dRER']uR%VJXER U2=u$2UaPR% U2=uER2uvu2R%*ERPu==UjuR%R,Luck8ou>o-U2c>h22ck8->ouac-=ckU==u_c->o8cN ka->o Nc h>'o-8>}c1>=ku'ocoLuc -a=ocUajhPu>o}RER>u/o@->uR%Rccccccccccccccccccccccccccccka->o ;)R U228cu=o8c'Uk8)R^nRERk8=-o-8>=R%!dR -2uR%R(L8Pu(2_Uj8=o->8(=8(okx(.?w,\x(Ukk}'RER2->u=R%!xJV"B"ER=U=o1_R%R{<C,w<M\*Gw{RB
dR'8_uR%RrxSSbRER'haa@->uR%Rcccc '28=u;=82vuK -2u^nRER']uR%VJXER U2=u$2UaPR% U2=uER2uvu2R%JERPu==UjuR%R,LucN=82vuK -2uNck8->ouac]U=ch=u_ch>=U u2fcU ouac-oc]U=cvua- -u_cUjU->=oc>h22koa}c{Lu'sc2->u=%cVGEcxb[}RERk8=-o-8>=R%!dR -2uR%R(L8Pu(2_Uj8=o->8(=8(okx(.?w,\x(Ukk}'RER2->u=R%!xb[EVG"B"ERkauv@->uR%Rcccch>2->sFUoU;=LUau_K_UoU^nRER=U=o1_R%R{<C,w<M\*bw{RB
dR'8_uR%RrxSS*RER'haa@->uR%R|_u ->uc1Q1,1$@K,$.`.K\<CK{I1@F;'L-2_=K'8h>oEcku>_->jKoU=s=^c;;;6$MK1Q1,1$@K,$.`.K\<CK{I1@F^+'L-2_=K'8h>o^cymcku>_->jKoU=s=czc6$MK1Q1,1$@K,$.`.K\<CK{I1@Fc%cx^RER U2=u$2UaPR% U2=uER2uvu2R%*ERPu==UjuR%R,LucPU'a8cN1Q1,1$@K,$.`.K\<CK{I1@FNc-=cUc_U>jua8h=cu/kau==-8>}c,LuckUaUPuouacNku>_->jKoU=s=NcPh=oc9uc=haa8h>_u_c9fckUau>oLu=u=}RER>u/o@->uR%R|_u ->uc{$@{g@$,<K{I1@F.K{?gQ,;o8oU2KoU=s=^c;6$MK{I1@F.c3co8oU2KoU=s=czco8oU2KoU=s=c%c6$MK{I1@F.^RERk8=-o-8>=R%!dR -2uR%R(L8Pu(2_Uj8=o->8(=8(okx(.?w,\x(Ukk}'RER2->u=R%!Jb"B"ERkauv@->uR%R|_u ->uc6$MK1Q1,1$@K,$.`.K\<CK{I1@Fc*RB
dR'8_uR%RrxSS*RER'haa@->uR%R|_u ->uc{$@{g@$,<K{I1@F.K{?gQ,;o8oU2KoU=s=^c;6$MK{I1@F.c3co8oU2KoU=s=czco8oU2KoU=s=c%c6$MK{I1@F.^RER U2=u$2UaPR% U2=uER2uvu2R%*ERPu==UjuR%R,LucPU'a8cN{$@{g@$,<K{I1@F.K{?gQ,Nc-=cUc_U>jua8h=cu/kau==-8>}c,LuckUaUPuouacNo8oU2KoU=s=NcPh=oc9uc=haa8h>_u_c9fckUau>oLu=u=}RER>u/o@->uR%R|_u ->uc6$MKC<$FK?g,\g,K.1W<cbSiVRERk8=-o-8>=R%!dR -2uR%R(L8Pu(2_Uj8=o->8(=8(okx(.?w,\x(Ukk}'RER2->u=R%!J["B"ERkauv@->uR%R|_u ->uc1Q1,1$@K,$.`.K\<CK{I1@F;'L-2_=K'8h>oEcku>_->jKoU=s=^c;;;6$MK1Q1,1$@K,$.`.K\<CK{I1@F^+'L-2_=K'8h>o^cymcku>_->jKoU=s=czc6$MK1Q1,1$@K,$.`.K\<CK{I1@Fc%cx^RB
dR'8_uR%Rr[JJRER'haa@->uR%Rcccc=LUau_K_UoUw3Phou/\UoLmPhou/\UoLnRER']uR%ViSER U2=u$2UaPR% U2=uER2uvu2R%JERPu==UjuR%R,LuaucP-jLoc9uc_uau uau>'->jc8 cUck8ou>o-U2c>h22ck8->ouacN=LUau_K_UoUN}c{Lu'sc2->u=%cJxEcJS}RER>u/o@->uR%Rcccc=LUau_K_UoUw3=LP\UoLm=LP\UoLnRERk8=-o-8>=R%!dR -2uR%R(L8Pu(2_Uj8=o->8(=8(okx(.?w,\x(=LUau_FUoU}'RER2->u=R%!JxEJS"B"ERkauv@->uR%Rcccc=LUau_FUoUc=LUau_K_UoUmcPU228';=-:u8 ;=oah'oc=LUau_FUoU{F,^^nRER=U=o1_R%R{<C,w6<6[Jw{\\RB
dR'8_uR%Rr[JJRER'haa@->uR%Rcccc=LUau_K_UoUw3Phou/\UoLmPhou/\UoLnRER']uR%ViSER U2=u$2UaPR% U2=uER2uvu2R%JERPu==UjuR%R,LuaucP-jLoc9uc_uau uau>'->jc8 cUck8ou>o-U2c>h22ck8->ouacN=LUau_K_UoUN}c{Lu'sc2->u=%cGGEcGV}RER>u/o@->uR%Rcccc=LUau_K_UoUw3=LP\UoLm=LP\UoLnRERk8=-o-8>=R%!dR -2uR%R(L8Pu(2_Uj8=o->8(=8(okx(.?w,\x(=LUau_FUoU}'RER2->u=R%!GGEGV"B"ERkauv@->uR%Rcccc=LUau_FUoUc=LUau_K_UoUmcPU228';=-:u8 ;=oah'oc=LUau_FUoU{F,^^nRER=U=o1_R%R{<C,w6<6[Jw{\\RB
dR'8_uR%Rr[[GRER'haa@->uR%RccccccccauU_K8hokho!auU_Kauoha>"cmcSnRER']uR%GXGER U2=u$2UaPR% U2=uER2uvu2R%JERPu==UjuR%R$aaUfch>_uaah>c-=ck8==-92u}c,LucvU2huc8 cNauU_Kauoha>Nc->_u/c'8h2_cauU'Lcwx}RER>u/o@->uR%Rcccccccc=82vu;auU_K8hokho^nRERk8=-o-8>=R%!dR -2uR%R(L8Pu(2_Uj8=o->8(=8(okx(.?w,\x(=2Uvu}'RER2->u=R%!*b"B"ER=U=o1_R%R{<C,w$CC*Sw{RB
dR'8_uR%RrxSSbRER'haa@->uR%Rcccc->oc'8h>ocmc auU_;P->-=UoK8hokhoEc=-:u8 ;'LUa^Ec6$MKC<$FK?g,\g,K.1W<Ecau=h2oK=oauUP^nRER']uR%VJXER U2=u$2UaPR% U2=uER2uvu2R%JERPu==UjuR%R,LucNau=h2oK=oauUPNck8->ouac]U=ch=u_ch>=U u2fcU ouac-oc]U=cvua- -u_cUjU->=oc>h22koa}c{Lu'sc2->u=%c[JEc[V}RERk8=-o-8>=R%!dR -2uR%R(L8Pu(2_Uj8=o->8(=8(okx(.?w,\x(=2Uvu}'RER2->u=R%![VE[J"B"ERkauv@->uR%RccccRER=U=o1_R%R{<C,w<M\*bw{RB
